<?xml version="1.0" encoding="UTF-8"?>
<robot generator="Robot 3.1.2 (Python 3.8.1 on win32)" generated="20200201 00:40:54.954" rpa="false">
<suite id="s1" name="FirstSeleniumTest" source="C:\Users\mushf\Documents\GitHub\sample_robot_project\Test\FirstSeleniumTest.robot">
<test id="s1-t1" name="SampleLoginTest">
<kw name="Open Browser" library="SeleniumLibrary">
<doc>Opens a new browser instance to the optional ``url``.</doc>
<arguments>
<arg>${URL}</arg>
<arg>${Browser}</arg>
</arguments>
<msg timestamp="20200201 00:40:55.398" level="INFO">Opening browser 'Chrome' to base url 'https://opensource-demo.orangehrmlive.com/'.</msg>
<status status="PASS" starttime="20200201 00:40:55.398" endtime="20200201 00:41:05.065"></status>
</kw>
<kw name="Set Browser Implicit Wait" library="SeleniumLibrary">
<doc>Sets the implicit wait value used by Selenium.</doc>
<arguments>
<arg>5</arg>
</arguments>
<status status="PASS" starttime="20200201 00:41:05.066" endtime="20200201 00:41:05.071"></status>
</kw>
<kw name="LoginKeyWord">
<kw name="Input Text" library="SeleniumLibrary">
<doc>Types the given ``text`` into the text field identified by ``locator``.</doc>
<arguments>
<arg>id=&amp;{elements}[username_field_id]</arg>
<arg>&amp;{Credentials}[username]</arg>
</arguments>
<msg timestamp="20200201 00:41:05.072" level="INFO">Typing text 'Admin' into text field 'id=txtUsername'.</msg>
<status status="PASS" starttime="20200201 00:41:05.072" endtime="20200201 00:41:05.280"></status>
</kw>
<kw name="Input Text" library="SeleniumLibrary">
<doc>Types the given ``text`` into the text field identified by ``locator``.</doc>
<arguments>
<arg>id=&amp;{elements}[password_field_id]</arg>
<arg>&amp;{Credentials}[password]</arg>
</arguments>
<msg timestamp="20200201 00:41:05.281" level="INFO">Typing text 'admin123' into text field 'id=txtPassword'.</msg>
<status status="PASS" starttime="20200201 00:41:05.281" endtime="20200201 00:41:05.481"></status>
</kw>
<kw name="Click Button" library="SeleniumLibrary">
<doc>Clicks the button identified by ``locator``.</doc>
<arguments>
<arg>id=&amp;{elements}[login_button_id]</arg>
</arguments>
<msg timestamp="20200201 00:41:05.482" level="INFO">Clicking button 'id=btnLogin'.</msg>
<status status="PASS" starttime="20200201 00:41:05.482" endtime="20200201 00:41:09.557"></status>
</kw>
<status status="PASS" starttime="20200201 00:41:05.071" endtime="20200201 00:41:09.557"></status>
</kw>
<kw name="Click Element" library="SeleniumLibrary">
<doc>Click the element identified by ``locator``.</doc>
<arguments>
<arg>id=&amp;{elements}[welcome_id]</arg>
</arguments>
<msg timestamp="20200201 00:41:09.562" level="INFO">Clicking element 'id=welcome'.</msg>
<status status="PASS" starttime="20200201 00:41:09.561" endtime="20200201 00:41:09.776"></status>
</kw>
<kw name="Set Browser Implicit Wait" library="SeleniumLibrary">
<doc>Sets the implicit wait value used by Selenium.</doc>
<arguments>
<arg>2</arg>
</arguments>
<status status="PASS" starttime="20200201 00:41:09.782" endtime="20200201 00:41:09.825"></status>
</kw>
<kw name="Click Element" library="SeleniumLibrary">
<doc>Click the element identified by ``locator``.</doc>
<arguments>
<arg>link=&amp;{elements}[logout_id]</arg>
</arguments>
<msg timestamp="20200201 00:41:09.834" level="INFO">Clicking element 'link=Logout'.</msg>
<status status="PASS" starttime="20200201 00:41:09.833" endtime="20200201 00:41:11.230"></status>
</kw>
<kw name="Close Browser" library="SeleniumLibrary">
<doc>Closes the current browser.</doc>
<status status="PASS" starttime="20200201 00:41:11.245" endtime="20200201 00:41:13.539"></status>
</kw>
<kw name="Log" library="BuiltIn">
<doc>Logs the given message with the given level.</doc>
<arguments>
<arg>Test Completed Successfully</arg>
</arguments>
<msg timestamp="20200201 00:41:13.541" level="INFO">Test Completed Successfully</msg>
<status status="PASS" starttime="20200201 00:41:13.540" endtime="20200201 00:41:13.541"></status>
</kw>
<kw name="Log" library="BuiltIn">
<doc>Logs the given message with the given level.</doc>
<arguments>
<arg>This test is performed by %{username} on %{os}</arg>
</arguments>
<msg timestamp="20200201 00:41:13.542" level="INFO">This test is performed by mushf on Windows_NT</msg>
<status status="PASS" starttime="20200201 00:41:13.541" endtime="20200201 00:41:13.542"></status>
</kw>
<doc>This is a sample login test case</doc>
<status status="PASS" starttime="20200201 00:40:55.396" endtime="20200201 00:41:13.547" critical="yes"></status>
</test>
<status status="PASS" starttime="20200201 00:40:54.957" endtime="20200201 00:41:13.557"></status>
</suite>
<statistics>
<total>
<stat pass="1" fail="0">Critical Tests</stat>
<stat pass="1" fail="0">All Tests</stat>
</total>
<tag>
</tag>
<suite>
<stat pass="1" fail="0" id="s1" name="FirstSeleniumTest">FirstSeleniumTest</stat>
</suite>
</statistics>
<errors>
</errors>
</robot>
